0 info it worked if it ends with ok
1 verbose cli [ 'node', '/usr/local/bin/npm', 'install', '-g', '@shoutem/cli' ]
2 info using npm@3.10.7
3 info using node@v0.12.5
4 silly loadCurrentTree Starting
5 silly install loadCurrentTree
6 silly install readGlobalPackageData
7 silly fetchPackageMetaData @shoutem/cli
8 silly fetchNamedPackageData @shoutem/cli
9 silly mapToRegistry name @shoutem/cli
10 silly mapToRegistry scope (from package name) @shoutem
11 verbose mapToRegistry no registry URL found in name for scope @shoutem
12 silly mapToRegistry using default registry
13 silly mapToRegistry registry https://registry.npmjs.org/
14 silly mapToRegistry data { raw: '@shoutem/cli',
14 silly mapToRegistry   scope: '@shoutem',
14 silly mapToRegistry   escapedName: '@shoutem%2fcli',
14 silly mapToRegistry   name: '@shoutem/cli',
14 silly mapToRegistry   rawSpec: '',
14 silly mapToRegistry   spec: 'latest',
14 silly mapToRegistry   type: 'tag' }
15 silly mapToRegistry uri https://registry.npmjs.org/@shoutem%2fcli
16 verbose request uri https://registry.npmjs.org/@shoutem%2fcli
17 verbose request no auth needed
18 info attempt registry request try #1 at 1:28:23 PM
19 verbose request id cb2a764816e40ece
20 http request GET https://registry.npmjs.org/@shoutem%2fcli
21 http 404 https://registry.npmjs.org/@shoutem%2fcli
22 verbose headers { 'content-type': 'application/json',
22 verbose headers   'cache-control': 'max-age=0',
22 verbose headers   'content-length': '21',
22 verbose headers   'accept-ranges': 'bytes',
22 verbose headers   date: 'Tue, 20 Sep 2016 17:28:25 GMT',
22 verbose headers   via: '1.1 varnish',
22 verbose headers   age: '0',
22 verbose headers   connection: 'keep-alive',
22 verbose headers   'x-served-by': 'cache-ord1739-ORD',
22 verbose headers   'x-cache': 'MISS',
22 verbose headers   'x-cache-hits': '0',
22 verbose headers   'x-timer': 'S1474392504.952307,VS0,VE145' }
23 silly get cb [ 404,
23 silly get   { 'content-type': 'application/json',
23 silly get     'cache-control': 'max-age=0',
23 silly get     'content-length': '21',
23 silly get     'accept-ranges': 'bytes',
23 silly get     date: 'Tue, 20 Sep 2016 17:28:25 GMT',
23 silly get     via: '1.1 varnish',
23 silly get     age: '0',
23 silly get     connection: 'keep-alive',
23 silly get     'x-served-by': 'cache-ord1739-ORD',
23 silly get     'x-cache': 'MISS',
23 silly get     'x-cache-hits': '0',
23 silly get     'x-timer': 'S1474392504.952307,VS0,VE145' } ]
24 silly fetchPackageMetaData Error: Not found : @shoutem/cli
24 silly fetchPackageMetaData     at makeError (/usr/local/lib/node_modules/npm/node_modules/npm-registry-client/lib/request.js:264:12)
24 silly fetchPackageMetaData     at CachingRegistryClient.<anonymous> (/usr/local/lib/node_modules/npm/node_modules/npm-registry-client/lib/request.js:252:14)
24 silly fetchPackageMetaData     at Request._callback (/usr/local/lib/node_modules/npm/node_modules/npm-registry-client/lib/request.js:172:14)
24 silly fetchPackageMetaData     at Request.self.callback (/usr/local/lib/node_modules/npm/node_modules/request/request.js:187:22)
24 silly fetchPackageMetaData     at Request.emit (events.js:110:17)
24 silly fetchPackageMetaData     at Request.<anonymous> (/usr/local/lib/node_modules/npm/node_modules/request/request.js:1044:10)
24 silly fetchPackageMetaData     at Request.emit (events.js:107:17)
24 silly fetchPackageMetaData     at IncomingMessage.<anonymous> (/usr/local/lib/node_modules/npm/node_modules/request/request.js:965:12)
24 silly fetchPackageMetaData     at IncomingMessage.emit (events.js:129:20)
24 silly fetchPackageMetaData     at _stream_readable.js:908:16
24 silly fetchPackageMetaData  error for @shoutem/cli { [Error: Not found : @shoutem/cli] pkgid: '@shoutem/cli', statusCode: 404, code: 'E404' }
25 silly rollbackFailedOptional Starting
26 silly rollbackFailedOptional Finishing
27 silly runTopLevelLifecycles Finishing
28 silly install printInstalled
29 verbose stack Error: Not found : @shoutem/cli
29 verbose stack     at makeError (/usr/local/lib/node_modules/npm/node_modules/npm-registry-client/lib/request.js:264:12)
29 verbose stack     at CachingRegistryClient.<anonymous> (/usr/local/lib/node_modules/npm/node_modules/npm-registry-client/lib/request.js:252:14)
29 verbose stack     at Request._callback (/usr/local/lib/node_modules/npm/node_modules/npm-registry-client/lib/request.js:172:14)
29 verbose stack     at Request.self.callback (/usr/local/lib/node_modules/npm/node_modules/request/request.js:187:22)
29 verbose stack     at Request.emit (events.js:110:17)
29 verbose stack     at Request.<anonymous> (/usr/local/lib/node_modules/npm/node_modules/request/request.js:1044:10)
29 verbose stack     at Request.emit (events.js:107:17)
29 verbose stack     at IncomingMessage.<anonymous> (/usr/local/lib/node_modules/npm/node_modules/request/request.js:965:12)
29 verbose stack     at IncomingMessage.emit (events.js:129:20)
29 verbose stack     at _stream_readable.js:908:16
30 verbose statusCode 404
31 verbose pkgid @shoutem/cli
32 verbose cwd /Users/Home/Development/Github/MyVIPClubsK
33 error Darwin 14.5.0
34 error argv "node" "/usr/local/bin/npm" "install" "-g" "@shoutem/cli"
35 error node v0.12.5
36 error npm  v3.10.7
37 error code E404
38 error 404 Not found : @shoutem/cli
39 error 404
40 error 404 '@shoutem/cli' is not in the npm registry.
41 error 404 You should bug the author to publish it (or use the name yourself!)
42 error 404 Note that you can also install from a
43 error 404 tarball, folder, http url, or git url.
44 verbose exit [ 1, true ]
